0 info it worked if it ends with ok
1 verbose cli [ 'C:\\Program Files (x86)\\nodejs\\node.exe',
1 verbose cli   'C:\\Users\\e.zibzibadze\\AppData\\Roaming\\npm\\node_modules\\npm\\bin\\npm-cli.js',
1 verbose cli   'run',
1 verbose cli   'build' ]
2 info using npm@3.10.6
3 info using node@v4.4.3
4 verbose run-script [ 'prebuild', 'build', 'postbuild' ]
5 info lifecycle ng2-interceptors@1.1.2~prebuild: ng2-interceptors@1.1.2
6 silly lifecycle ng2-interceptors@1.1.2~prebuild: no script for prebuild, continuing
7 info lifecycle ng2-interceptors@1.1.2~build: ng2-interceptors@1.1.2
8 verbose lifecycle ng2-interceptors@1.1.2~build: unsafe-perm in lifecycle true
9 verbose lifecycle ng2-interceptors@1.1.2~build: PATH: C:\Users\e.zibzibadze\AppData\Roaming\npm\node_modules\npm\bin\node-gyp-bin;C:\Users\e.zibzibadze\Desktop\asdsad\angular2-interceptors\node_modules\.bin;C:\ProgramData\Oracle\Java\javapath;C:\MMSAutomation\versions\bin;C:\Program Files (x86)\NVIDIA Corporation\PhysX\Common;C:\Windows\system32;C:\Windows;C:\Windows\System32\Wbem;C:\Windows\System32\WindowsPowerShell\v1.0\;C:\Program Files\Microsoft SQL Server\110\Tools\Binn\;C:\Program Files\Microsoft SQL Server\Client SDK\ODBC\110\Tools\Binn\;C:\Program Files (x86)\Microsoft SQL Server\120\Tools\Binn\ManagementStudio\;C:\Program Files (x86)\Microsoft SQL Server\120\Tools\Binn\;C:\Program Files\Microsoft SQL Server\120\Tools\Binn\;C:\Program Files (x86)\Microsoft SQL Server\120\DTS\Binn\;C:\Program Files\Microsoft SQL Server\120\DTS\Binn\;C:\Program Files (x86)\Microsoft SDKs\TypeScript\1.0\;C:\Program Files (x86)\Heroku\bin;C:\Program Files (x86)\git\cmd;C:\Program Files (x86)\GtkSharp\2.12\bin;C:\Program Files\Microsoft SQL Server\130\Tools\Binn\;C:\Program Files (x86)\nodejs\;C:\Program Files\Git\cmd;C:\Program Files (x86)\Windows Kits\10\Windows Performance Toolkit\;C:\Program Files (x86)\Microsoft Emulator Manager\1.0\;C:\Program Files\nodejs\;C:\Program Files (x86)\Microsoft SQL Server\Client SDK\ODBC\130\Tools\Binn\;C:\Program Files (x86)\Microsoft SQL Server\130\Tools\Binn\;C:\Program Files (x86)\Microsoft SQL Server\130\DTS\Binn\;C:\Program Files (x86)\Microsoft SQL Server\130\Tools\Binn\ManagementStudio\;C:\Program Files\dotnet\;C:\Program Files (x86)\Microsoft SQL Server\110\DTS\Binn\;C:\Users\e.zibzibadze\.dnx\bin;C:\Users\e.zibzibadze\AppData\Roaming\npm;C:\Program Files (x86)\Microsoft VS Code\bin
10 verbose lifecycle ng2-interceptors@1.1.2~build: CWD: C:\Users\e.zibzibadze\Desktop\asdsad\angular2-interceptors
11 silly lifecycle ng2-interceptors@1.1.2~build: Args: [ '/d /s /c', 'rimraf lib && tsc -p src' ]
12 silly lifecycle ng2-interceptors@1.1.2~build: Returned: code: 1  signal: null
13 info lifecycle ng2-interceptors@1.1.2~build: Failed to exec build script
14 verbose stack Error: ng2-interceptors@1.1.2 build: `rimraf lib && tsc -p src`
14 verbose stack Exit status 1
14 verbose stack     at EventEmitter.<anonymous> (C:\Users\e.zibzibadze\AppData\Roaming\npm\node_modules\npm\lib\utils\lifecycle.js:255:16)
14 verbose stack     at emitTwo (events.js:87:13)
14 verbose stack     at EventEmitter.emit (events.js:172:7)
14 verbose stack     at ChildProcess.<anonymous> (C:\Users\e.zibzibadze\AppData\Roaming\npm\node_modules\npm\lib\utils\spawn.js:40:14)
14 verbose stack     at emitTwo (events.js:87:13)
14 verbose stack     at ChildProcess.emit (events.js:172:7)
14 verbose stack     at maybeClose (internal/child_process.js:827:16)
14 verbose stack     at Process.ChildProcess._handle.onexit (internal/child_process.js:211:5)
15 verbose pkgid ng2-interceptors@1.1.2
16 verbose cwd C:\Users\e.zibzibadze\Desktop\asdsad\angular2-interceptors
17 error Windows_NT 6.3.9600
18 error argv "C:\\Program Files (x86)\\nodejs\\node.exe" "C:\\Users\\e.zibzibadze\\AppData\\Roaming\\npm\\node_modules\\npm\\bin\\npm-cli.js" "run" "build"
19 error node v4.4.3
20 error npm  v3.10.6
21 error code ELIFECYCLE
22 error ng2-interceptors@1.1.2 build: `rimraf lib && tsc -p src`
22 error Exit status 1
23 error Failed at the ng2-interceptors@1.1.2 build script 'rimraf lib && tsc -p src'.
23 error Make sure you have the latest version of node.js and npm installed.
23 error If you do, this is most likely a problem with the ng2-interceptors package,
23 error not with npm itself.
23 error Tell the author that this fails on your system:
23 error     rimraf lib && tsc -p src
23 error You can get information on how to open an issue for this project with:
23 error     npm bugs ng2-interceptors
23 error Or if that isn't available, you can get their info via:
23 error     npm owner ls ng2-interceptors
23 error There is likely additional logging output above.
24 verbose exit [ 1, true ]
